cron 3/04 21:37  Publish Error: Page 10 <br>    Cannot open ".OLDaily RSS 2.0."(10) /var/www/html/news/OLDaily.xml : No such file or directory  
cron 3/04 22:37  Publish Error: Page 10 <br>    Cannot open ".OLDaily RSS 2.0."(10) /var/www/html/news/OLDaily.xml : No such file or directory  
cron 3/04 23:37  Publish Error: Page 10 <br>    Cannot open ".OLDaily RSS 2.0."(10) /var/www/html/news/OLDaily.xml : No such file or directory  
cron 3/04 23:54  Publish Error: Page 179 <br>    Zero linkcount in page Podcast HTML Page(179), page not published.<p>
cron 3/04 23:54  Autopublished page: 179 Podcast HTML Page

cron 3/04 23:54  Publish Error: Page 6 <br>    Zero linkcount in page Presentations(6), page not published.<p>
cron 3/04 23:54  Autopublished page: 6 Presentations

cron 3/04 23:54  Publish Error: Page 182 <br>    Zero linkcount in page Interviews(182), page not published.<p>
cron 3/04 23:54  Autopublished page: 182 Interviews

cron 3/05 0:37  Publish Error: Page 10 <br>    Cannot open ".OLDaily RSS 2.0."(10) /var/www/html/news/OLDaily.xml : No such file or directory  
cron 3/05 23:37  Publish Error: Page 10 <br>    Cannot open ".OLDaily RSS 2.0."(10) /var/www/html/news/OLDaily.xml : No such file or directory  
cron 3/06 13:37  Publish Error: Page 10 <br>    Cannot open ".OLDaily RSS 2.0."(10) /var/www/html/news/OLDaily.xml : No such file or directory  
cron 3/06 14:37  Publish Error: Page 10 <br>    Cannot open ".OLDaily RSS 2.0."(10) /var/www/html/news/OLDaily.xml : No such file or directory  
cron 3/06 15:37  Publish Error: Page 10 <br>    Cannot open ".OLDaily RSS 2.0."(10) /var/www/html/news/OLDaily.xml : No such file or directory  
cron 3/06 16:30  Publish Error: Page 2 <br>    Zero linkcount in page Newsletter(2), page not published.<p>
cron 3/06 16:30  Autopublished page: 2 Newsletter

cron 3/06 16:30  Autopublished page: 155 Ed Radio

cron 3/06 16:30  Publish Error: Page 7 <br>    Zero linkcount in page Articles - By Date(7), page not published.<p>
cron 3/06 16:30  Autopublished page: 7 Articles - By Date

cron 3/06 16:30  Publish Error: Page 162 <br>    Zero linkcount in page Ed Radio History(162), page not published.<p>
cron 3/06 16:30  Autopublished page: 162 Ed Radio History

cron 3/06 16:30  Publish Error: Page 18 <br>    Zero linkcount in page Podcast Audio RSS(18), page not published.<p>
cron 3/06 16:30  Autopublished page: 18 Podcast Audio RSS

cron 3/06 16:30  Publish Error: Page 148 <br>    Zero linkcount in page Newsletter JSON Edition(148), page not published.<p>
cron 3/06 16:30  Autopublished page: 148 Newsletter JSON Edition

cron 3/06 16:30  Autopublished page: 152 Home Page

cron 3/06 16:30  Publish Error: Page 180 <br>    Zero linkcount in page Articles - by Popularity(180), page not published.<p>
cron 3/06 16:30  Autopublished page: 180 Articles - by Popularity

cron 3/06 16:37  Publish Error: Page 10 <br>    Cannot open ".OLDaily RSS 2.0."(10) /var/www/html/news/OLDaily.xml : No such file or directory  
cron 3/06 17:37  Publish Error: Page 10 <br>    Cannot open ".OLDaily RSS 2.0."(10) /var/www/html/news/OLDaily.xml : No such file or directory  
cron 3/06 18:37  Publish Error: Page 10 <br>    Cannot open ".OLDaily RSS 2.0."(10) /var/www/html/news/OLDaily.xml : No such file or directory  
cron 3/06 19:37  Publish Error: Page 10 <br>    Cannot open ".OLDaily RSS 2.0."(10) /var/www/html/news/OLDaily.xml : No such file or directory  
cron 3/06 20:37  Publish Error: Page 10 <br>    Cannot open ".OLDaily RSS 2.0."(10) /var/www/html/news/OLDaily.xml : No such file or directory  
cron 3/06 21:37  Publish Error: Page 10 <br>    Cannot open ".OLDaily RSS 2.0."(10) /var/www/html/news/OLDaily.xml : No such file or directory  
cron 3/06 22:37  Publish Error: Page 10 <br>    Cannot open ".OLDaily RSS 2.0."(10) /var/www/html/news/OLDaily.xml : No such file or directory  
cron 3/06 23:37  Publish Error: Page 10 <br>    Cannot open ".OLDaily RSS 2.0."(10) /var/www/html/news/OLDaily.xml : No such file or directory  
cron 3/07 13:37  Publish Error: Page 10 <br>    Cannot open ".OLDaily RSS 2.0."(10) /var/www/html/news/OLDaily.xml : No such file or directory  
cron 3/07 14:37  Publish Error: Page 10 <br>    Cannot open ".OLDaily RSS 2.0."(10) /var/www/html/news/OLDaily.xml : No such file or directory  
cron 3/07 15:37  Publish Error: Page 10 <br>    Cannot open ".OLDaily RSS 2.0."(10) /var/www/html/news/OLDaily.xml : No such file or directory  
cron 3/07 16:30  Publish Error: Page 2 <br>    Zero linkcount in page Newsletter(2), page not published.<p>
cron 3/07 16:30  Autopublished page: 2 Newsletter

cron 3/07 16:30  Autopublished page: 155 Ed Radio

cron 3/07 16:30  Publish Error: Page 7 <br>    Zero linkcount in page Articles - By Date(7), page not published.<p>
cron 3/07 16:30  Autopublished page: 7 Articles - By Date

cron 3/07 16:30  Publish Error: Page 162 <br>    Zero linkcount in page Ed Radio History(162), page not published.<p>
cron 3/07 16:30  Autopublished page: 162 Ed Radio History

cron 3/07 16:30  Publish Error: Page 18 <br>    Zero linkcount in page Podcast Audio RSS(18), page not published.<p>
cron 3/07 16:30  Autopublished page: 18 Podcast Audio RSS

cron 3/07 16:30  Publish Error: Page 148 <br>    Zero linkcount in page Newsletter JSON Edition(148), page not published.<p>
cron 3/07 16:30  Autopublished page: 148 Newsletter JSON Edition

cron 3/07 16:30  Autopublished page: 152 Home Page

cron 3/07 16:30  Publish Error: Page 180 <br>    Zero linkcount in page Articles - by Popularity(180), page not published.<p>
cron 3/07 16:30  Autopublished page: 180 Articles - by Popularity

cron 3/07 16:37  Publish Error: Page 10 <br>    Cannot open ".OLDaily RSS 2.0."(10) /var/www/html/news/OLDaily.xml : No such file or directory  
cron 3/07 17:37  Publish Error: Page 10 <br>    Cannot open ".OLDaily RSS 2.0."(10) /var/www/html/news/OLDaily.xml : No such file or directory  
cron 3/07 18:37  Publish Error: Page 10 <br>    Cannot open ".OLDaily RSS 2.0."(10) /var/www/html/news/OLDaily.xml : No such file or directory  
cron 3/07 19:37  Publish Error: Page 10 <br>    Cannot open ".OLDaily RSS 2.0."(10) /var/www/html/news/OLDaily.xml : No such file or directory  
cron 3/07 20:37  Publish Error: Page 10 <br>    Cannot open ".OLDaily RSS 2.0."(10) /var/www/html/news/OLDaily.xml : No such file or directory  
cron 3/07 21:37  Publish Error: Page 10 <br>    Cannot open ".OLDaily RSS 2.0."(10) /var/www/html/news/OLDaily.xml : No such file or directory  
cron 3/07 22:37  Publish Error: Page 10 <br>    Cannot open ".OLDaily RSS 2.0."(10) /var/www/html/news/OLDaily.xml : No such file or directory  
cron 3/07 23:37  Publish Error: Page 10 <br>    Cannot open ".OLDaily RSS 2.0."(10) /var/www/html/news/OLDaily.xml : No such file or directory  
cron 3/08 12:37  Publish Error: Page 10 <br>    Cannot open ".OLDaily RSS 2.0."(10) /var/www/html/news/OLDaily.xml : No such file or directory  
cron 3/08 13:37  Publish Error: Page 10 <br>    Cannot open ".OLDaily RSS 2.0."(10) /var/www/html/news/OLDaily.xml : No such file or directory  
cron 3/08 14:37  Publish Error: Page 10 <br>    Cannot open ".OLDaily RSS 2.0."(10) /var/www/html/news/OLDaily.xml : No such file or directory  
cron 3/08 15:37  Publish Error: Page 10 <br>    Cannot open ".OLDaily RSS 2.0."(10) /var/www/html/news/OLDaily.xml : No such file or directory  
cron 3/08 16:30  Publish Error: Page 2 <br>    Zero linkcount in page Newsletter(2), page not published.<p>
cron 3/08 16:30  Autopublished page: 2 Newsletter

cron 3/08 16:30  Autopublished page: 155 Ed Radio

cron 3/08 16:30  Publish Error: Page 7 <br>    Zero linkcount in page Articles - By Date(7), page not published.<p>
cron 3/08 16:30  Autopublished page: 7 Articles - By Date

cron 3/08 16:30  Publish Error: Page 162 <br>    Zero linkcount in page Ed Radio History(162), page not published.<p>
cron 3/08 16:30  Autopublished page: 162 Ed Radio History

cron 3/08 16:30  Publish Error: Page 18 <br>    Zero linkcount in page Podcast Audio RSS(18), page not published.<p>
cron 3/08 16:30  Autopublished page: 18 Podcast Audio RSS

cron 3/08 16:30  Publish Error: Page 148 <br>    Zero linkcount in page Newsletter JSON Edition(148), page not published.<p>
cron 3/08 16:30  Autopublished page: 148 Newsletter JSON Edition

cron 3/08 16:30  Autopublished page: 152 Home Page

cron 3/08 16:30  Publish Error: Page 180 <br>    Zero linkcount in page Articles - by Popularity(180), page not published.<p>
cron 3/08 16:30  Autopublished page: 180 Articles - by Popularity

cron 3/08 16:37  Publish Error: Page 10 <br>    Cannot open ".OLDaily RSS 2.0."(10) /var/www/html/news/OLDaily.xml : No such file or directory  
cron 3/08 17:37  Publish Error: Page 10 <br>    Cannot open ".OLDaily RSS 2.0."(10) /var/www/html/news/OLDaily.xml : No such file or directory  
cron 3/08 18:37  Publish Error: Page 10 <br>    Cannot open ".OLDaily RSS 2.0."(10) /var/www/html/news/OLDaily.xml : No such file or directory  
cron 3/08 19:37  Publish Error: Page 10 <br>    Cannot open ".OLDaily RSS 2.0."(10) /var/www/html/news/OLDaily.xml : No such file or directory  
cron 3/08 20:37  Publish Error: Page 10 <br>    Cannot open ".OLDaily RSS 2.0."(10) /var/www/html/news/OLDaily.xml : No such file or directory  
cron 3/08 21:37  Publish Error: Page 10 <br>    Cannot open ".OLDaily RSS 2.0."(10) /var/www/html/news/OLDaily.xml : No such file or directory  
cron 3/08 22:37  Publish Error: Page 10 <br>    Cannot open ".OLDaily RSS 2.0."(10) /var/www/html/news/OLDaily.xml : No such file or directory  
cron 3/08 23:37  Publish Error: Page 10 <br>    Cannot open ".OLDaily RSS 2.0."(10) /var/www/html/news/OLDaily.xml : No such file or directory  
cron 3/09 14:37  Publish Error: Page 10 <br>    Cannot open ".OLDaily RSS 2.0."(10) /var/www/html/news/OLDaily.xml : No such file or directory  
cron 3/09 15:37  Publish Error: Page 10 <br>    Cannot open ".OLDaily RSS 2.0."(10) /var/www/html/news/OLDaily.xml : No such file or directory  
cron 3/09 16:30  Publish Error: Page 2 <br>    Zero linkcount in page Newsletter(2), page not published.<p>
cron 3/09 16:30  Autopublished page: 2 Newsletter

cron 3/09 16:30  Autopublished page: 155 Ed Radio

cron 3/09 16:30  Publish Error: Page 7 <br>    Zero linkcount in page Articles - By Date(7), page not published.<p>
cron 3/09 16:30  Autopublished page: 7 Articles - By Date

cron 3/09 16:30  Publish Error: Page 162 <br>    Zero linkcount in page Ed Radio History(162), page not published.<p>
cron 3/09 16:30  Autopublished page: 162 Ed Radio History

cron 3/09 16:30  Publish Error: Page 18 <br>    Zero linkcount in page Podcast Audio RSS(18), page not published.<p>
cron 3/09 16:30  Autopublished page: 18 Podcast Audio RSS

cron 3/09 16:30  Publish Error: Page 148 <br>    Zero linkcount in page Newsletter JSON Edition(148), page not published.<p>
cron 3/09 16:30  Autopublished page: 148 Newsletter JSON Edition

cron 3/09 16:30  Autopublished page: 152 Home Page

cron 3/09 16:30  Publish Error: Page 180 <br>    Zero linkcount in page Articles - by Popularity(180), page not published.<p>
cron 3/09 16:30  Autopublished page: 180 Articles - by Popularity

cron 3/09 16:37  Publish Error: Page 10 <br>    Cannot open ".OLDaily RSS 2.0."(10) /var/www/html/news/OLDaily.xml : No such file or directory  
cron 3/09 17:37  Publish Error: Page 10 <br>    Cannot open ".OLDaily RSS 2.0."(10) /var/www/html/news/OLDaily.xml : No such file or directory  
